# JRE version: Java(TM) SE Runtime Environment (8.0_144-b01) (build 1.8.0_144-b01)
# Java VM: Java HotSpot(TM) 64-Bit Server VM (25.144-b01 mixed mode windows-amd64 compressed oops)
Heap:
 PSYoungGen      total 582144K, used 26484K [0x000000076ae00000, 0x0000000795480000, 0x00000007c0000000)
  eden space 555008K, 4% used [0x000000076ae00000,0x000000076c7dd088,0x000000078cc00000)
  from space 27136K, 0% used [0x000000078e680000,0x000000078e680000,0x0000000790100000)
  to   space 27136K, 0% used [0x000000078cc00000,0x000000078cc00000,0x000000078e680000)
 ParOldGen       total 182272K, used 31912K [0x00000006c0a00000, 0x00000006cbc00000, 0x000000076ae00000)
  object space 182272K, 17% used [0x00000006c0a00000,0x00000006c292a208,0x00000006cbc00000)
 Metaspace       used 57267K, capacity 59912K, committed 60200K, reserved 1101824K
  class space    used 7656K, capacity 8148K, committed 8240K, reserved 1048576K
GC Heap History (10 events):
Event: 4.445 GC heap before
{Heap before GC invocations=7 (full 2):
 PSYoungGen      total 271360K, used 10726K [0x000000076ae00000, 0x0000000782d80000, 0x00000007c0000000)
  eden space 260608K, 0% used [0x000000076ae00000,0x000000076ae00000,0x000000077ac80000)
  from space 10752K, 99% used [0x000000077ac80000,0x000000077b6f9800,0x000000077b700000)
  to   space 14848K, 0% used [0x0000000781f00000,0x0000000781f00000,0x0000000782d80000)
 ParOldGen       total 99328K, used 14614K [0x00000006c0a00000, 0x00000006c6b00000, 0x000000076ae00000)
  object space 99328K, 14% used [0x00000006c0a00000,0x00000006c1845be0,0x00000006c6b00000)
 Metaspace       used 34070K, capacity 35376K, committed 35496K, reserved 1079296K
  class space    used 4466K, capacity 4725K, committed 4784K, reserved 1048576K
Event: 4.486 GC heap after
Heap after GC invocations=7 (full 2):
 PSYoungGen      total 271360K, used 0K [0x000000076ae00000, 0x0000000782d80000, 0x00000007c0000000)
  eden space 260608K, 0% used [0x000000076ae00000,0x000000076ae00000,0x000000077ac80000)
  from space 10752K, 0% used [0x000000077ac80000,0x000000077ac80000,0x000000077b700000)
  to   space 14848K, 0% used [0x0000000781f00000,0x0000000781f00000,0x0000000782d80000)
 ParOldGen       total 147456K, used 20493K [0x00000006c0a00000, 0x00000006c9a00000, 0x000000076ae00000)
  object space 147456K, 13% used [0x00000006c0a00000,0x00000006c1e037b8,0x00000006c9a00000)
 Metaspace       used 34070K, capacity 35376K, committed 35496K, reserved 1079296K
  class space    used 4466K, capacity 4725K, committed 4784K, reserved 1048576K
}
Event: 6.540 GC heap before
{Heap before GC invocations=8 (full 2):
 PSYoungGen      total 271360K, used 260608K [0x000000076ae00000, 0x0000000782d80000, 0x00000007c0000000)
  eden space 260608K, 100% used [0x000000076ae00000,0x000000077ac80000,0x000000077ac80000)
  from space 10752K, 0% used [0x000000077ac80000,0x000000077ac80000,0x000000077b700000)
  to   space 14848K, 0% used [0x0000000781f00000,0x0000000781f00000,0x0000000782d80000)
 ParOldGen       total 147456K, used 20493K [0x00000006c0a00000, 0x00000006c9a00000, 0x000000076ae00000)
  object space 147456K, 13% used [0x00000006c0a00000,0x00000006c1e037b8,0x00000006c9a00000)
 Metaspace       used 43343K, capacity 45228K, committed 45480K, reserved 1089536K
  class space    used 5656K, capacity 6008K, committed 6064K, reserved 1048576K
Event: 6.562 GC heap after
Heap after GC invocations=8 (full 2):
 PSYoungGen      total 374784K, used 14820K [0x000000076ae00000, 0x0000000786680000, 0x00000007c0000000)
  eden space 359936K, 0% used [0x000000076ae00000,0x000000076ae00000,0x0000000780d80000)
  from space 14848K, 99% used [0x0000000781f00000,0x0000000782d79278,0x0000000782d80000)
  to   space 17920K, 0% used [0x0000000780d80000,0x0000000780d80000,0x0000000781f00000)
 ParOldGen       total 147456K, used 23137K [0x00000006c0a00000, 0x00000006c9a00000, 0x000000076ae00000)
  object space 147456K, 15% used [0x00000006c0a00000,0x00000006c2098708,0x00000006c9a00000)
 Metaspace       used 43343K, capacity 45228K, committed 45480K, reserved 1089536K
  class space    used 5656K, capacity 6008K, committed 6064K, reserved 1048576K
}
Event: 10.194 GC heap before
{Heap before GC invocations=9 (full 2):
 PSYoungGen      total 374784K, used 374756K [0x000000076ae00000, 0x0000000786680000, 0x00000007c0000000)
  eden space 359936K, 100% used [0x000000076ae00000,0x0000000780d80000,0x0000000780d80000)
  from space 14848K, 99% used [0x0000000781f00000,0x0000000782d79278,0x0000000782d80000)
  to   space 17920K, 0% used [0x0000000780d80000,0x0000000780d80000,0x0000000781f00000)
 ParOldGen       total 147456K, used 23137K [0x00000006c0a00000, 0x00000006c9a00000, 0x000000076ae00000)
  object space 147456K, 15% used [0x00000006c0a00000,0x00000006c2098708,0x00000006c9a00000)
 Metaspace       used 56177K, capacity 58802K, committed 58920K, reserved 1099776K
  class space    used 7485K, capacity 7953K, committed 7984K, reserved 1048576K
Event: 10.216 GC heap after
Heap after GC invocations=9 (full 2):
 PSYoungGen      total 377856K, used 17903K [0x000000076ae00000, 0x0000000790100000, 0x00000007c0000000)
  eden space 359936K, 0% used [0x000000076ae00000,0x000000076ae00000,0x0000000780d80000)
  from space 17920K, 99% used [0x0000000780d80000,0x0000000781efbea8,0x0000000781f00000)
  to   space 27136K, 0% used [0x000000078e680000,0x000000078e680000,0x0000000790100000)
 ParOldGen       total 147456K, used 36657K [0x00000006c0a00000, 0x00000006c9a00000, 0x000000076ae00000)
  object space 147456K, 24% used [0x00000006c0a00000,0x00000006c2dcc730,0x00000006c9a00000)
 Metaspace       used 56177K, capacity 58802K, committed 58920K, reserved 1099776K
  class space    used 7485K, capacity 7953K, committed 7984K, reserved 1048576K
}
Event: 10.284 GC heap before
{Heap before GC invocations=10 (full 2):
 PSYoungGen      total 377856K, used 42648K [0x000000076ae00000, 0x0000000790100000, 0x00000007c0000000)
  eden space 359936K, 6% used [0x000000076ae00000,0x000000076c62a498,0x0000000780d80000)
  from space 17920K, 99% used [0x0000000780d80000,0x0000000781efbea8,0x0000000781f00000)
  to   space 27136K, 0% used [0x000000078e680000,0x000000078e680000,0x0000000790100000)
 ParOldGen       total 147456K, used 36657K [0x00000006c0a00000, 0x00000006c9a00000, 0x000000076ae00000)
  object space 147456K, 24% used [0x00000006c0a00000,0x00000006c2dcc730,0x00000006c9a00000)
 Metaspace       used 56436K, capacity 58984K, committed 59160K, reserved 1099776K
  class space    used 7515K, capacity 7988K, committed 8112K, reserved 1048576K
Event: 10.299 GC heap after
Heap after GC invocations=10 (full 2):
 PSYoungGen      total 582144K, used 18431K [0x000000076ae00000, 0x0000000795480000, 0x00000007c0000000)
  eden space 555008K, 0% used [0x000000076ae00000,0x000000076ae00000,0x000000078cc00000)
  from space 27136K, 67% used [0x000000078e680000,0x000000078f87feb8,0x0000000790100000)
  to   space 27136K, 0% used [0x000000078cc00000,0x000000078cc00000,0x000000078e680000)
 ParOldGen       total 147456K, used 36665K [0x00000006c0a00000, 0x00000006c9a00000, 0x000000076ae00000)
  object space 147456K, 24% used [0x00000006c0a00000,0x00000006c2dce730,0x00000006c9a00000)
 Metaspace       used 56436K, capacity 58984K, committed 59160K, reserved 1099776K
  class space    used 7515K, capacity 7988K, committed 8112K, reserved 1048576K
}
Event: 10.299 GC heap before
{Heap before GC invocations=11 (full 3):
 PSYoungGen      total 582144K, used 18431K [0x000000076ae00000, 0x0000000795480000, 0x00000007c0000000)
  eden space 555008K, 0% used [0x000000076ae00000,0x000000076ae00000,0x000000078cc00000)
  from space 27136K, 67% used [0x000000078e680000,0x000000078f87feb8,0x0000000790100000)
  to   space 27136K, 0% used [0x000000078cc00000,0x000000078cc00000,0x000000078e680000)
 ParOldGen       total 147456K, used 36665K [0x00000006c0a00000, 0x00000006c9a00000, 0x000000076ae00000)
  object space 147456K, 24% used [0x00000006c0a00000,0x00000006c2dce730,0x00000006c9a00000)
 Metaspace       used 56436K, capacity 58984K, committed 59160K, reserved 1099776K
  class space    used 7515K, capacity 7988K, committed 8112K, reserved 1048576K
Event: 10.416 GC heap after
Heap after GC invocations=11 (full 3):
 PSYoungGen      total 582144K, used 0K [0x000000076ae00000, 0x0000000795480000, 0x00000007c0000000)
  eden space 555008K, 0% used [0x000000076ae00000,0x000000076ae00000,0x000000078cc00000)
  from space 27136K, 0% used [0x000000078e680000,0x000000078e680000,0x0000000790100000)
  to   space 27136K, 0% used [0x000000078cc00000,0x000000078cc00000,0x000000078e680000)
 ParOldGen       total 182272K, used 31912K [0x00000006c0a00000, 0x00000006cbc00000, 0x000000076ae00000)
  object space 182272K, 17% used [0x00000006c0a00000,0x00000006c292a208,0x00000006cbc00000)
 Metaspace       used 56436K, capacity 58984K, committed 59160K, reserved 1099776K
  class space    used 7515K, capacity 7988K, committed 8112K, reserved 1048576K
}

